<?xml version="1.0" encoding="UTF-8"?>
<testng-results skipped="0" failed="0" ignored="0" total="1" passed="1">
  <reporter-output>
  </reporter-output>
  <suite name="Suite" duration-ms="11773" started-at="2021-09-26T18:18:28 IST" finished-at="2021-09-26T18:18:40 IST">
    <groups>
    </groups>
    <test name="Test" duration-ms="11773" started-at="2021-09-26T18:18:28 IST" finished-at="2021-09-26T18:18:40 IST">
      <class name="com.testone.Demo1">
        <test-method status="PASS" signature="Testcase1()[pri:0, instance:com.testone.Demo1@7a1ebcd8]" name="Testcase1" duration-ms="11735" started-at="2021-09-26T18:18:28 IST" finished-at="2021-09-26T18:18:40 IST">
          <reporter-output>
          </reporter-output>
        </test-method> <!-- Testcase1 -->
      </class> <!-- com.testone.Demo1 -->
    </test> <!-- Test -->
  </suite> <!-- Suite -->
</testng-results>
